06-01 02:47:57 | Server | Debug | Connect | n/a | n/a | InvokeOnConnect:CustomMission<e34ba3b0>
06-01 02:47:57 | Server | Debug | Connect | n/a | n/a | Player connected:SurvivorBase<920c8040>
06-01 02:48:28 | Server | Debug | Connect | n/a | n/a | InvokeOnDisconnect:CustomMission<e34ba3b0>
06-01 02:48:28 | Server | Debug | Connect | n/a | n/a | Player disconnected:SurvivorBase<920c8040>
06-01 02:48:28 | Server | Debug | n/a | n/a | n/a | Player SurvivorBase<920c8040> saved as alive
06-01 02:53:32 | Server | Debug | Connect | n/a | n/a | InvokeOnConnect:CustomMission<d9a83bc0>
06-01 02:53:32 | Server | Debug | Connect | n/a | n/a | Player connected:SurvivorBase<3c602490>
06-01 02:54:26 | Server | Debug | Connect | n/a | n/a | InvokeOnConnect:CustomMission<636f3830>
06-01 02:54:26 | Server | Debug | Connect | n/a | n/a | Player connected:SurvivorBase<3d80c020>
06-01 02:56:40 | Server | Debug | Connect | n/a | n/a | InvokeOnConnect:CustomMission<5e21a0c0>
06-01 02:56:40 | Server | Debug | Connect | n/a | n/a | Player connected:SurvivorBase<62ab8020>
06-06 02:47:17 | Server | Debug | Connect | n/a | n/a | InvokeOnConnect:CustomMission<c3856a80>
06-06 02:47:18 | Server | Debug | Connect | n/a | n/a | Player connected:SurvivorBase<7f3e0ed0>
06-07 09:55:40 | Server | Debug | Connect | n/a | n/a | InvokeOnConnect:CustomMission<1704fa80>
06-07 09:55:40 | Server | Debug | Connect | n/a | n/a | Player connected:SurvivorBase<48eba010>
06-07 09:56:22 | Server | Debug | Connect | n/a | n/a | InvokeOnDisconnect:CustomMission<1704fa80>
06-07 09:56:22 | Server | Debug | Connect | n/a | n/a | Player disconnected:SurvivorBase<48eba010>
06-07 09:56:22 | Server | Debug | n/a | n/a | n/a | Player SurvivorBase<48eba010> saved as alive
06-07 10:03:27 | Server | Debug | Connect | n/a | n/a | InvokeOnConnect:CustomMission<96986350>
06-07 10:03:27 | Server | Debug | Connect | n/a | n/a | Player connected:SurvivorBase<e2a2a020>
06-07 10:03:44 | Server | Debug | Connect | n/a | n/a | InvokeOnDisconnect:CustomMission<96986350>
06-07 10:03:44 | Server | Debug | Connect | n/a | n/a | Player disconnected:SurvivorBase<e2a2a020>
06-07 10:03:44 | Server | Debug | n/a | n/a | n/a | Player SurvivorBase<e2a2a020> saved as alive
06-07 10:05:49 | Server | Debug | Connect | n/a | n/a | InvokeOnConnect:CustomMission<8fea3db0>
06-07 10:05:49 | Server | Debug | Connect | n/a | n/a | Player connected:SurvivorBase<7b4694a0>
06-07 10:06:14 | Server | Debug | Connect | n/a | n/a | InvokeOnDisconnect:CustomMission<8fea3db0>
06-07 10:06:14 | Server | Debug | Connect | n/a | n/a | Player disconnected:SurvivorBase<7b4694a0>
06-07 10:06:14 | Server | Debug | n/a | n/a | n/a | Player SurvivorBase<7b4694a0> saved as alive
06-07 10:23:08 | Server | Debug | Connect | n/a | n/a | InvokeOnConnect:CustomMission<a303ba20>
06-07 10:23:08 | Server | Debug | Connect | n/a | n/a | Player connected:SurvivorBase<c3078030>
06-07 10:52:53 | Server | Debug | Connect | n/a | n/a | InvokeOnConnect:CustomMission<16d4f870>
06-07 10:52:53 | Server | Debug | Connect | n/a | n/a | Player connected:SurvivorBase<f73c030>
06-07 10:54:25 | Server | Debug | Connect | n/a | n/a | InvokeOnConnect:CustomMission<30ff85a0>
06-07 10:54:25 | Server | Debug | Connect | n/a | n/a | Player connected:SurvivorBase<9eab040>
06-07 10:57:38 | Server | Debug | Connect | n/a | n/a | InvokeOnConnect:CustomMission<95af0860>
06-07 10:57:38 | Server | Debug | Connect | n/a | n/a | Player connected:SurvivorBase<cd32a4a0>
06-07 10:58:26 | Server | Debug | Connect | n/a | n/a | InvokeOnDisconnect:CustomMission<95af0860>
06-07 10:58:26 | Server | Debug | Connect | n/a | n/a | Player disconnected:SurvivorBase<cd32a4a0>
06-07 10:58:26 | Server | Debug | n/a | n/a | n/a | Player SurvivorBase<cd32a4a0> saved as alive
06-07 11:02:36 | Server | Debug | Connect | n/a | n/a | InvokeOnConnect:CustomMission<cb9e7d0>
06-07 11:02:36 | Server | Debug | Connect | n/a | n/a | Player connected:SurvivorBase<95bea010>
06-07 11:03:14 | Server | Debug | Connect | n/a | n/a | InvokeOnDisconnect:CustomMission<cb9e7d0>
06-07 11:03:14 | Server | Debug | Connect | n/a | n/a | Player disconnected:SurvivorBase<95bea010>
06-07 11:03:14 | Server | Debug | n/a | n/a | n/a | Player SurvivorBase<95bea010> saved as alive
